C:\USERS\REAVETH\DESKTOP\AUGMENTED REALITY FINAL\TRUNK\CARDS\DEBUG\SQUARESLIB.DLL
C:\Users\Reaveth\Desktop\Augmented Reality Final\trunk\Cards\Debug\SquaresLib.exp
C:\USERS\REAVETH\DESKTOP\AUGMENTED REALITY FINAL\TRUNK\CARDS\DEBUG\SQUARESLIB.ILK
C:\Users\Reaveth\Desktop\Augmented Reality Final\trunk\Cards\Debug\SquaresLib.lib
C:\USERS\REAVETH\DESKTOP\AUGMENTED REALITY FINAL\TRUNK\CARDS\DEBUG\SQUARESLIB.PDB
C:\Users\Reaveth\Desktop\Augmented Reality Final\trunk\Cards\SquaresLib\Debug\cl.command.1.tlog
C:\Users\Reaveth\Desktop\Augmented Reality Final\trunk\Cards\SquaresLib\Debug\CL.read.1.tlog
C:\Users\Reaveth\Desktop\Augmented Reality Final\trunk\Cards\SquaresLib\Debug\CL.write.1.tlog
C:\Users\Reaveth\Desktop\Augmented Reality Final\trunk\Cards\SquaresLib\Debug\link.8820.read.1.tlog
C:\Users\Reaveth\Desktop\Augmented Reality Final\trunk\Cards\SquaresLib\Debug\link.8820.write.1.tlog
C:\Users\Reaveth\Desktop\Augmented Reality Final\trunk\Cards\SquaresLib\Debug\link.8820-cvtres.read.1.tlog
C:\Users\Reaveth\Desktop\Augmented Reality Final\trunk\Cards\SquaresLib\Debug\link.8820-cvtres.write.1.tlog
C:\Users\Reaveth\Desktop\Augmented Reality Final\trunk\Cards\SquaresLib\Debug\link.command.1.tlog
C:\Users\Reaveth\Desktop\Augmented Reality Final\trunk\Cards\SquaresLib\Debug\link.read.1.tlog
C:\Users\Reaveth\Desktop\Augmented Reality Final\trunk\Cards\SquaresLib\Debug\link.write.1.tlog
C:\Users\Reaveth\Desktop\Augmented Reality Final\trunk\Cards\SquaresLib\Debug\link-cvtres.read.1.tlog
C:\Users\Reaveth\Desktop\Augmented Reality Final\trunk\Cards\SquaresLib\Debug\link-cvtres.write.1.tlog
C:\Users\Reaveth\Desktop\Augmented Reality Final\trunk\Cards\SquaresLib\Debug\mt.command.1.tlog
C:\Users\Reaveth\Desktop\Augmented Reality Final\trunk\Cards\SquaresLib\Debug\mt.read.1.tlog
C:\Users\Reaveth\Desktop\Augmented Reality Final\trunk\Cards\SquaresLib\Debug\mt.write.1.tlog
C:\Users\Reaveth\Desktop\Augmented Reality Final\trunk\Cards\SquaresLib\Debug\rc.command.1.tlog
C:\Users\Reaveth\Desktop\Augmented Reality Final\trunk\Cards\SquaresLib\Debug\rc.read.1.tlog
C:\Users\Reaveth\Desktop\Augmented Reality Final\trunk\Cards\SquaresLib\Debug\rc.write.1.tlog
C:\USERS\REAVETH\DESKTOP\AUGMENTED REALITY FINAL\TRUNK\CARDS\SQUARESLIB\DEBUG\SQUARES.OBJ
C:\USERS\REAVETH\DESKTOP\AUGMENTED REALITY FINAL\TRUNK\CARDS\SQUARESLIB\DEBUG\SQUARESLIB.DLL.EMBED.MANIFEST
C:\USERS\REAVETH\DESKTOP\AUGMENTED REALITY FINAL\TRUNK\CARDS\SQUARESLIB\DEBUG\SQUARESLIB.DLL.EMBED.MANIFEST.RES
C:\USERS\REAVETH\DESKTOP\AUGMENTED REALITY FINAL\TRUNK\CARDS\SQUARESLIB\DEBUG\SQUARESLIB.DLL.INTERMEDIATE.MANIFEST
C:\Users\Reaveth\Desktop\Augmented Reality Final\trunk\Cards\SquaresLib\Debug\SquaresLib.write.1.tlog
C:\Users\Reaveth\Desktop\Augmented Reality Final\trunk\Cards\SquaresLib\Debug\SquaresLib_manifest.rc
C:\Users\Reaveth\Desktop\Augmented Reality Final\trunk\Cards\SquaresLib\Debug\vc100.idb
C:\USERS\REAVETH\DESKTOP\AUGMENTED REALITY FINAL\TRUNK\CARDS\SQUARESLIB\DEBUG\VC100.PDB
